\BOOKMARK [0][-]{abstract.0}{Abstract}{}% 1
\BOOKMARK [0][-]{contents.0}{CONTENTS}{}% 2
\BOOKMARK [0][-]{chapter*.3}{FIGURES}{}% 3
\BOOKMARK [0][-]{chapter*.4}{TABLES}{}% 4
\BOOKMARK [0][-]{chapter*.5}{ACKNOWLEDGMENTS}{}% 5
\BOOKMARK [0][-]{chapter.1}{CHAPTER 1: INTRODUCTION}{}% 6
\BOOKMARK [1][-]{section.1.1}{1.1 Metals}{chapter.1}% 7
\BOOKMARK [2][-]{subsection.1.1.1}{1.1.1 Structure}{section.1.1}% 8
\BOOKMARK [3][-]{subsubsection.1.1.1.1}{1.1.1.1 Bimetallic Systems}{subsection.1.1.1}% 9
\BOOKMARK [2][-]{subsection.1.1.2}{1.1.2 Dynamics}{section.1.1}% 10
\BOOKMARK [3][-]{subsubsection.1.1.2.1}{1.1.2.1 Diffusion \046 Step-Wandering}{subsection.1.1.2}% 11
\BOOKMARK [1][-]{section.1.2}{1.2 Adsorbate Interactions on Metal Surfaces}{chapter.1}% 12
\BOOKMARK [2][-]{subsection.1.2.1}{1.2.1 Binding Sites}{section.1.2}% 13
\BOOKMARK [2][-]{subsection.1.2.2}{1.2.2 Coverage Dependence}{section.1.2}% 14
\BOOKMARK [3][-]{subsubsection.1.2.2.1}{1.2.2.1 Patterning}{subsection.1.2.2}% 15
\BOOKMARK [1][-]{section.1.3}{1.3 Adsorbate Induced Reconstructions}{chapter.1}% 16
\BOOKMARK [2][-]{subsection.1.3.1}{1.3.1 Refaceting}{section.1.3}% 17
\BOOKMARK [3][-]{subsubsection.1.3.1.1}{1.3.1.1 Doubling}{subsection.1.3.1}% 18
\BOOKMARK [2][-]{subsection.1.3.2}{1.3.2 Island Formation}{section.1.3}% 19
\BOOKMARK [0][-]{chapter.2}{CHAPTER 2: MOLECULAR DYNAMICS SIMULATIONS OF THE SURFACE RECONSTRUCTIONS OF PT\(557\) AND AU\(557\) UNDER EXPOSURE TO CO}{}% 20
\BOOKMARK [1][-]{section.2.1}{2.1 Introduction}{chapter.2}% 21
\BOOKMARK [1][-]{section.2.2}{2.2 Simulation Methods}{chapter.2}% 22
\BOOKMARK [2][-]{subsection.2.2.1}{2.2.1 Metal-metal interactions}{section.2.2}% 23
\BOOKMARK [2][-]{subsection.2.2.2}{2.2.2 Carbon Monoxide model}{section.2.2}% 24
\BOOKMARK [2][-]{subsection.2.2.3}{2.2.3 Cross-Interactions between the metals and carbon monoxide}{section.2.2}% 25
\BOOKMARK [2][-]{subsection.2.2.4}{2.2.4 Force field validation}{section.2.2}% 26
\BOOKMARK [2][-]{subsection.2.2.5}{2.2.5 Pt\(557\) and Au\(557\) metal interfaces}{section.2.2}% 27
\BOOKMARK [1][-]{section.2.3}{2.3 Results}{chapter.2}% 28
\BOOKMARK [2][-]{subsection.2.3.1}{2.3.1 Structural remodeling}{section.2.3}% 29
\BOOKMARK [3][-]{subsubsection.2.3.1.1}{2.3.1.1 Step wandering}{subsection.2.3.1}% 30
\BOOKMARK [3][-]{subsubsection.2.3.1.2}{2.3.1.2 Double layers}{subsection.2.3.1}% 31
\BOOKMARK [2][-]{subsection.2.3.2}{2.3.2 Dynamics}{section.2.3}% 32
\BOOKMARK [3][-]{subsubsection.2.3.2.1}{2.3.2.1 Transport of surface metal atoms}{subsection.2.3.2}% 33
\BOOKMARK [3][-]{subsubsection.2.3.2.2}{2.3.2.2 Dynamics of double layer formation}{subsection.2.3.2}% 34
\BOOKMARK [1][-]{section.2.4}{2.4 Discussion}{chapter.2}% 35
\BOOKMARK [2][-]{subsection.2.4.1}{2.4.1 Diffusion}{section.2.4}% 36
\BOOKMARK [2][-]{subsection.2.4.2}{2.4.2 Mechanism for restructuring}{section.2.4}% 37
\BOOKMARK [2][-]{subsection.2.4.3}{2.4.3 CO Removal and double layer stability}{section.2.4}% 38
\BOOKMARK [1][-]{section.2.5}{2.5 Conclusion}{chapter.2}% 39
\BOOKMARK [0][-]{chapter.3}{CHAPTER 3: CO-INDUCED ISLAND FORMATION ON PT/PD\(557\) SURFACE ALLOYS: A MOLECULAR DYNAMICS STUDY}{}% 40
\BOOKMARK [1][-]{section.3.1}{3.1 Introduction}{chapter.3}% 41
\BOOKMARK [1][-]{section.3.2}{3.2 Methodology}{chapter.3}% 42
\BOOKMARK [2][-]{subsection.3.2.1}{3.2.1 Interaction Potentials}{section.3.2}% 43
\BOOKMARK [2][-]{subsection.3.2.2}{3.2.2 \(557\) Interfaces and surface alloys}{section.3.2}% 44
\BOOKMARK [2][-]{subsection.3.2.3}{3.2.3 Analysis of surface features and adatom diffusion}{section.3.2}% 45
\BOOKMARK [1][-]{section.3.3}{3.3 Results}{chapter.3}% 46
\BOOKMARK [2][-]{subsection.3.3.1}{3.3.1 Structural changes}{section.3.3}% 47
\BOOKMARK [2][-]{subsection.3.3.2}{3.3.2 Transport of surface metal atoms}{section.3.3}% 48
\BOOKMARK [2][-]{subsection.3.3.3}{3.3.3 Pt island formation on the Pt/Pd alloy}{section.3.3}% 49
\BOOKMARK [1][-]{section.3.4}{3.4 Discussion}{chapter.3}% 50
\BOOKMARK [2][-]{subsection.3.4.1}{3.4.1 Structural changes}{section.3.4}% 51
\BOOKMARK [2][-]{subsection.3.4.2}{3.4.2 Surface adatom formation}{section.3.4}% 52
\BOOKMARK [1][-]{section.3.5}{3.5 Summary}{chapter.3}% 53
\BOOKMARK [0][-]{chapter.4}{CHAPTER 4: EFFECTS OF STEP-TYPE ON THE CO-INDUCED SURFACE RECONSTRUCTIONS OF PT\(557\)/\(112\)/\(321\)/\(765\) FACETS}{}% 54
\BOOKMARK [0][-]{chapter.5}{CHAPTER 5: DEVELOPMENT OF A MULTIPLE-MINIMA FLUCTUATING CHARGE \(MM-FLUCQ\) POTENTIAL}{}% 55
\BOOKMARK [0][-]{chapter.6}{CHAPTER 6: SUMMARY}{}% 56
\BOOKMARK [0][-]{appendix*.6}{BIBLIOGRAPHY}{}% 57
